<?xml version="1.0" encoding="UTF-8"?>
<!DOCTYPE log4j:configuration SYSTEM "log4j.dtd">

<log4j:configuration xmlns:log4j="http://jakarta.apache.org/log4j/"
debug="false">

  <appender name="FILE" class="org.apache.log4j.FileAppender">
      <errorHandler class="org.apache.log4j.helpers.OnlyOnceErrorHandler"/>
      <param name="File" value="target/test.log"/>
      <param name="Append" value="false"/>

      <layout class="org.apache.log4j.PatternLayout">
         <!-- The default pattern: Date Priority [Category] Message\n -->
         <param name="ConversionPattern" value="%d %-5p [%c] %m%n"/>

         <!-- The full pattern: Date MS Priority [Category] (Thread:NDC) Message\n
         <param name="ConversionPattern" value="%d %-5r %-5p [%c] (%t:%x) %m%n"/>
          -->
      </layout>
   </appender>
   <category name="org.jboss">
      <priority value="DEBUG"/>
   </category>
   <category name="org.apache.cxf">
      <priority value="DEBUG"/>
   </category>
  <root>
    <priority value="DEBUG"/>
    <appender-ref ref="FILE"/>
  </root>

</log4j:configuration> 
